<?xml version="1.0" encoding="UTF-8"?>
<testsuite name="org.wso2.balana.BaseTestCase" time="3.384" tests="24" errors="0" skipped="0" failures="0">
  <properties>
    <property name="java.runtime.name" value="Java(TM) SE Runtime Environment"/>
    <property name="sun.boot.library.path" value="/usr/lib/jvm/java-7-oracle/jre/lib/amd64"/>
    <property name="java.vm.version" value="24.45-b08"/>
    <property name="java.vm.vendor" value="Oracle Corporation"/>
    <property name="java.vendor.url" value="http://java.oracle.com/"/>
    <property name="path.separator" value=":"/>
    <property name="guice.disable.misplaced.annotation.check" value="true"/>
    <property name="java.vm.name" value="Java HotSpot(TM) 64-Bit Server VM"/>
    <property name="file.encoding.pkg" value="sun.io"/>
    <property name="user.country" value="ES"/>
    <property name="sun.java.launcher" value="SUN_STANDARD"/>
    <property name="sun.os.patch.level" value="unknown"/>
    <property name="java.vm.specification.name" value="Java Virtual Machine Specification"/>
    <property name="user.dir" value="/opt/NetBeans/TRESOR/WSO2-Balana/modules/balana-core"/>
    <property name="java.runtime.version" value="1.7.0_45-b18"/>
    <property name="java.awt.graphicsenv" value="sun.awt.X11GraphicsEnvironment"/>
    <property name="java.endorsed.dirs" value="/usr/lib/jvm/java-7-oracle/jre/lib/endorsed"/>
    <property name="os.arch" value="amd64"/>
    <property name="java.io.tmpdir" value="/tmp"/>
    <property name="line.separator" value="&#10;"/>
    <property name="java.vm.specification.vendor" value="Oracle Corporation"/>
    <property name="os.name" value="Linux"/>
    <property name="maven.ext.class.path" value="/usr/local/netbeans-7.4/java/maven-nblib/netbeans-eventspy.jar"/>
    <property name="classworlds.conf" value="/usr/local/netbeans-7.4/java/maven/bin/m2.conf"/>
    <property name="sun.jnu.encoding" value="UTF-8"/>
    <property name="java.library.path" value="/usr/lib/jvm/java-7-oracle/jre/lib/amd64:/usr/lib/jvm/java-7-oracle/jre/lib/i386::/usr/java/packages/lib/amd64:/usr/lib64:/lib64:/lib:/usr/lib"/>
    <property name="java.specification.name" value="Java Platform API Specification"/>
    <property name="java.class.version" value="51.0"/>
    <property name="sun.management.compiler" value="HotSpot 64-Bit Tiered Compilers"/>
    <property name="os.version" value="3.11.0-15-generic"/>
    <property name="user.home" value="/home/zequeira"/>
    <property name="user.timezone" value="Europe/Berlin"/>
    <property name="java.awt.printerjob" value="sun.print.PSPrinterJob"/>
    <property name="file.encoding" value="UTF-8"/>
    <property name="java.specification.version" value="1.7"/>
    <property name="user.name" value="zequeira"/>
    <property name="java.class.path" value="/usr/local/netbeans-7.4/java/maven/boot/plexus-classworlds-2.4.jar"/>
    <property name="java.vm.specification.version" value="1.7"/>
    <property name="sun.arch.data.model" value="64"/>
    <property name="java.home" value="/usr/lib/jvm/java-7-oracle/jre"/>
    <property name="sun.java.command" value="org.codehaus.plexus.classworlds.launcher.Launcher -Dmaven.ext.class.path=/usr/local/netbeans-7.4/java/maven-nblib/netbeans-eventspy.jar install"/>
    <property name="java.specification.vendor" value="Oracle Corporation"/>
    <property name="user.language" value="es"/>
    <property name="awt.toolkit" value="sun.awt.X11.XToolkit"/>
    <property name="java.vm.info" value="mixed mode"/>
    <property name="java.version" value="1.7.0_45"/>
    <property name="java.ext.dirs" value="/usr/lib/jvm/java-7-oracle/jre/lib/ext:/usr/java/packages/lib/ext"/>
    <property name="securerandom.source" value="file:/dev/./urandom"/>
    <property name="sun.boot.class.path" value="/usr/lib/jvm/java-7-oracle/jre/lib/resources.jar:/usr/lib/jvm/java-7-oracle/jre/lib/rt.jar:/usr/lib/jvm/java-7-oracle/jre/lib/sunrsasign.jar:/usr/lib/jvm/java-7-oracle/jre/lib/jsse.jar:/usr/lib/jvm/java-7-oracle/jre/lib/jce.jar:/usr/lib/jvm/java-7-oracle/jre/lib/charsets.jar:/usr/lib/jvm/java-7-oracle/jre/lib/jfr.jar:/usr/lib/jvm/java-7-oracle/jre/classes"/>
    <property name="java.vendor" value="Oracle Corporation"/>
    <property name="maven.home" value="/usr/local/netbeans-7.4/java/maven"/>
    <property name="file.separator" value="/"/>
    <property name="java.vendor.url.bug" value="http://bugreport.sun.com/bugreport/"/>
    <property name="sun.cpu.endian" value="little"/>
    <property name="sun.io.unicode.encoding" value="UnicodeLittle"/>
    <property name="sun.desktop" value="gnome"/>
    <property name="sun.cpu.isalist" value=""/>
  </properties>
  <testcase name="testConformanceTestB" classname="org.wso2.balana.conformance.ConformanceTestV2" time="0.84"/>
  <testcase name="testConformanceTestA" classname="org.wso2.balana.conformance.ConformanceTestV2" time="0.15"/>
  <testcase name="testConformanceTestC" classname="org.wso2.balana.conformance.ConformanceTestV2" time="1.48"/>
  <testcase name="testConformanceTestD" classname="org.wso2.balana.conformance.ConformanceTestV2" time="0.127"/>
  <testcase name="testConformanceTestA" classname="org.wso2.balana.conformance.ConformanceTestV3" time="0.198"/>
  <testcase name="testBasicTest0003" classname="org.wso2.balana.basic.BasicTestV3" time="0.021"/>
  <testcase name="testBasicTest0002" classname="org.wso2.balana.basic.BasicTestV3" time="0.02"/>
  <testcase name="testBasicTest0001" classname="org.wso2.balana.basic.BasicTestV3" time="0.028"/>
  <testcase name="testBasicTest0004" classname="org.wso2.balana.basic.BasicTestV3" time="0.019"/>
  <testcase name="testBasicTest0005" classname="org.wso2.balana.basic.BasicTestV3" time="0.012"/>
  <testcase name="testBasicTest0003" classname="org.wso2.balana.basic.TestFunctionV3" time="0.01"/>
  <testcase name="testBasicTest0002" classname="org.wso2.balana.basic.TestFunctionV3" time="0.009"/>
  <testcase name="testBasicTest0001" classname="org.wso2.balana.basic.TestFunctionV3" time="0.011"/>
  <testcase name="testBasicTest0001" classname="org.wso2.balana.basic.TestMultipleRequestV3" time="0.011"/>
  <testcase name="testBasicTest0003" classname="org.wso2.balana.basic.TestXPathV3" time="0.138"/>
  <testcase name="testBasicTest0002" classname="org.wso2.balana.basic.TestXPathV3" time="0.022"/>
  <testcase name="testBasicTest0001" classname="org.wso2.balana.basic.TestXPathV3" time="0.022"/>
  <testcase name="testBasicTest0004" classname="org.wso2.balana.basic.TestXPathV3" time="0.017"/>
  <testcase name="testBasicTest0005" classname="org.wso2.balana.basic.TestXPathV3" time="0.022"/>
  <testcase name="testConformanceTestA" classname="org.wso2.balana.conformance.ConformanceTestV3" time="0.154"/>
  <testcase name="testAdvanceTest0001" classname="org.wso2.balana.advance.AdvanceTestV3" time="0.006"/>
  <testcase name="testAdvanceTest0003" classname="org.wso2.balana.advance.AdvanceTestV3" time="0.053"/>
  <testcase name="testBasics1" classname="org.wso2.balana.finder.impl.TestInMemoryPolicyFinderModule" time="0.007"/>
  <testcase name="testBasics2" classname="org.wso2.balana.finder.impl.TestInMemoryPolicyFinderModule" time="0.007"/>
</testsuite>